2023-01-19 15:43:33 [scrapy.utils.log] INFO: Scrapy 2.7.1 started (bot: trial_07)
2023-01-19 15:43:33 [scrapy.utils.log] INFO: Versions: lxml 4.6.3.0, libxml2 2.9.12, cssselect 1.2.0, parsel 1.7.0, w3lib 2.1.1, Twisted 22.10.0, Python 3.9.7 (default, Sep 16 2021, 16:59:28) [MSC v.1916 64 bit (AMD64)], pyOpenSSL 21.0.0 (OpenSSL 1.1.1l  24 Aug 2021), cryptography 3.4.8, Platform Windows-10-10.0.19044-SP0
2023-01-19 15:43:33 [scrapy.crawler] INFO: Overridden settings:
{'BOT_NAME': 'trial_07',
 'LOG_FILE': 'logDemo.log',
 'NEWSPIDER_MODULE': 'trial_07.spiders',
 'REQUEST_FINGERPRINTER_IMPLEMENTATION': '2.7',
 'SPIDER_MODULES': ['trial_07.spiders'],
 'TWISTED_REACTOR': 'twisted.internet.asyncioreactor.AsyncioSelectorReactor'}
2023-01-19 15:43:33 [asyncio] DEBUG: Using selector: SelectSelector
2023-01-19 15:43:33 [scrapy.utils.log] DEBUG: Using reactor: twisted.internet.asyncioreactor.AsyncioSelectorReactor
2023-01-19 15:43:33 [scrapy.utils.log] DEBUG: Using asyncio event loop: asyncio.windows_events._WindowsSelectorEventLoop
2023-01-19 15:43:33 [scrapy.extensions.telnet] INFO: Telnet Password: d5ec669e1b887bd4
2023-01-19 15:43:33 [scrapy.middleware] INFO: Enabled extensions:
['scrapy.extensions.corestats.CoreStats',
 'scrapy.extensions.telnet.TelnetConsole',
 'scrapy.extensions.logstats.LogStats']
2023-01-19 15:43:33 [scrapy.middleware] INFO: Enabled downloader middlewares:
['scrapy.downloadermiddlewares.httpauth.HttpAuthMiddleware',
 'scrapy.downloadermiddlewares.downloadtimeout.DownloadTimeoutMiddleware',
 'scrapy.downloadermiddlewares.defaultheaders.DefaultHeadersMiddleware',
 'scrapy.downloadermiddlewares.useragent.UserAgentMiddleware',
 'scrapy.downloadermiddlewares.retry.RetryMiddleware',
 'scrapy.downloadermiddlewares.redirect.MetaRefreshMiddleware',
 'scrapy.downloadermiddlewares.httpcompression.HttpCompressionMiddleware',
 'scrapy.downloadermiddlewares.redirect.RedirectMiddleware',
 'scrapy.downloadermiddlewares.cookies.CookiesMiddleware',
 'scrapy.downloadermiddlewares.httpproxy.HttpProxyMiddleware',
 'scrapy.downloadermiddlewares.stats.DownloaderStats']
2023-01-19 15:43:33 [scrapy.middleware] INFO: Enabled spider middlewares:
['scrapy.spidermiddlewares.httperror.HttpErrorMiddleware',
 'scrapy.spidermiddlewares.offsite.OffsiteMiddleware',
 'scrapy.spidermiddlewares.referer.RefererMiddleware',
 'scrapy.spidermiddlewares.urllength.UrlLengthMiddleware',
 'scrapy.spidermiddlewares.depth.DepthMiddleware']
2023-01-19 15:43:33 [scrapy.middleware] INFO: Enabled item pipelines:
[]
2023-01-19 15:43:33 [scrapy.core.engine] INFO: Spider opened
2023-01-19 15:43:34 [scrapy.extensions.logstats] INFO: Crawled 0 pages (at 0 pages/min), scraped 0 items (at 0 items/min)
2023-01-19 15:43:34 [scrapy.extensions.telnet] INFO: Telnet console listening on 127.0.0.1:6023
2023-01-19 15:43:34 [filelock] DEBUG: Attempting to acquire lock 3203067424624 on D:\ananconda\lib\site-packages\tldextract\.suffix_cache/publicsuffix.org-tlds\de84b5ca2167d4c83e38fb162f2e8738.tldextract.json.lock
2023-01-19 15:43:34 [filelock] DEBUG: Lock 3203067424624 acquired on D:\ananconda\lib\site-packages\tldextract\.suffix_cache/publicsuffix.org-tlds\de84b5ca2167d4c83e38fb162f2e8738.tldextract.json.lock
2023-01-19 15:43:34 [filelock] DEBUG: Attempting to release lock 3203067424624 on D:\ananconda\lib\site-packages\tldextract\.suffix_cache/publicsuffix.org-tlds\de84b5ca2167d4c83e38fb162f2e8738.tldextract.json.lock
2023-01-19 15:43:34 [filelock] DEBUG: Lock 3203067424624 released on D:\ananconda\lib\site-packages\tldextract\.suffix_cache/publicsuffix.org-tlds\de84b5ca2167d4c83e38fb162f2e8738.tldextract.json.lock
2023-01-19 15:43:34 [scrapy.core.engine] DEBUG: Crawled (200) <POST https://fanyi.baidu.com/sug> (referer: None)
2023-01-19 15:43:34 [scrapy.core.scraper] ERROR: Spider error processing <POST https://fanyi.baidu.com/sug> (referer: None)
Traceback (most recent call last):
  File "D:\ananconda\lib\site-packages\twisted\internet\defer.py", line 892, in _runCallbacks
    current.result = callback(  # type: ignore[misc]
  File "C:\Users\hp\Desktop\Reptile\Scrapy\trial_07\trial_07\spiders\test_post.py", line 24, in parse_second
    obj = json.loads(content, encoding='utf-8')
  File "D:\ananconda\lib\json\__init__.py", line 359, in loads
    return cls(**kw).decode(s)
TypeError: __init__() got an unexpected keyword argument 'encoding'
2023-01-19 15:43:34 [scrapy.core.engine] INFO: Closing spider (finished)
2023-01-19 15:43:34 [scrapy.statscollectors] INFO: Dumping Scrapy stats:
{'downloader/request_bytes': 280,
 'downloader/request_count': 1,
 'downloader/request_method_count/POST': 1,
 'downloader/response_bytes': 807,
 'downloader/response_count': 1,
 'downloader/response_status_count/200': 1,
 'elapsed_time_seconds': 0.425099,
 'finish_reason': 'finished',
 'finish_time': datetime.datetime(2023, 1, 19, 7, 43, 34, 525394),
 'httpcompression/response_bytes': 667,
 'httpcompression/response_count': 1,
 'log_count/DEBUG': 8,
 'log_count/ERROR': 1,
 'log_count/INFO': 10,
 'response_received_count': 1,
 'scheduler/dequeued': 1,
 'scheduler/dequeued/memory': 1,
 'scheduler/enqueued': 1,
 'scheduler/enqueued/memory': 1,
 'spider_exceptions/TypeError': 1,
 'start_time': datetime.datetime(2023, 1, 19, 7, 43, 34, 100295)}
2023-01-19 15:43:34 [scrapy.core.engine] INFO: Spider closed (finished)
2023-01-19 15:44:05 [scrapy.utils.log] INFO: Scrapy 2.7.1 started (bot: trial_07)
2023-01-19 15:44:05 [scrapy.utils.log] INFO: Versions: lxml 4.6.3.0, libxml2 2.9.12, cssselect 1.2.0, parsel 1.7.0, w3lib 2.1.1, Twisted 22.10.0, Python 3.9.7 (default, Sep 16 2021, 16:59:28) [MSC v.1916 64 bit (AMD64)], pyOpenSSL 21.0.0 (OpenSSL 1.1.1l  24 Aug 2021), cryptography 3.4.8, Platform Windows-10-10.0.19044-SP0
2023-01-19 15:44:05 [scrapy.crawler] INFO: Overridden settings:
{'BOT_NAME': 'trial_07',
 'LOG_FILE': 'logDemo.log',
 'NEWSPIDER_MODULE': 'trial_07.spiders',
 'REQUEST_FINGERPRINTER_IMPLEMENTATION': '2.7',
 'SPIDER_MODULES': ['trial_07.spiders'],
 'TWISTED_REACTOR': 'twisted.internet.asyncioreactor.AsyncioSelectorReactor'}
2023-01-19 15:44:05 [asyncio] DEBUG: Using selector: SelectSelector
2023-01-19 15:44:05 [scrapy.utils.log] DEBUG: Using reactor: twisted.internet.asyncioreactor.AsyncioSelectorReactor
2023-01-19 15:44:05 [scrapy.utils.log] DEBUG: Using asyncio event loop: asyncio.windows_events._WindowsSelectorEventLoop
2023-01-19 15:44:05 [scrapy.extensions.telnet] INFO: Telnet Password: 796336d801a21260
2023-01-19 15:44:05 [scrapy.middleware] INFO: Enabled extensions:
['scrapy.extensions.corestats.CoreStats',
 'scrapy.extensions.telnet.TelnetConsole',
 'scrapy.extensions.logstats.LogStats']
2023-01-19 15:44:05 [scrapy.middleware] INFO: Enabled downloader middlewares:
['scrapy.downloadermiddlewares.httpauth.HttpAuthMiddleware',
 'scrapy.downloadermiddlewares.downloadtimeout.DownloadTimeoutMiddleware',
 'scrapy.downloadermiddlewares.defaultheaders.DefaultHeadersMiddleware',
 'scrapy.downloadermiddlewares.useragent.UserAgentMiddleware',
 'scrapy.downloadermiddlewares.retry.RetryMiddleware',
 'scrapy.downloadermiddlewares.redirect.MetaRefreshMiddleware',
 'scrapy.downloadermiddlewares.httpcompression.HttpCompressionMiddleware',
 'scrapy.downloadermiddlewares.redirect.RedirectMiddleware',
 'scrapy.downloadermiddlewares.cookies.CookiesMiddleware',
 'scrapy.downloadermiddlewares.httpproxy.HttpProxyMiddleware',
 'scrapy.downloadermiddlewares.stats.DownloaderStats']
2023-01-19 15:44:05 [scrapy.middleware] INFO: Enabled spider middlewares:
['scrapy.spidermiddlewares.httperror.HttpErrorMiddleware',
 'scrapy.spidermiddlewares.offsite.OffsiteMiddleware',
 'scrapy.spidermiddlewares.referer.RefererMiddleware',
 'scrapy.spidermiddlewares.urllength.UrlLengthMiddleware',
 'scrapy.spidermiddlewares.depth.DepthMiddleware']
2023-01-19 15:44:05 [scrapy.middleware] INFO: Enabled item pipelines:
[]
2023-01-19 15:44:05 [scrapy.core.engine] INFO: Spider opened
2023-01-19 15:44:06 [scrapy.extensions.logstats] INFO: Crawled 0 pages (at 0 pages/min), scraped 0 items (at 0 items/min)
2023-01-19 15:44:06 [scrapy.extensions.telnet] INFO: Telnet console listening on 127.0.0.1:6023
2023-01-19 15:44:06 [filelock] DEBUG: Attempting to acquire lock 2387749055552 on D:\ananconda\lib\site-packages\tldextract\.suffix_cache/publicsuffix.org-tlds\de84b5ca2167d4c83e38fb162f2e8738.tldextract.json.lock
2023-01-19 15:44:06 [filelock] DEBUG: Lock 2387749055552 acquired on D:\ananconda\lib\site-packages\tldextract\.suffix_cache/publicsuffix.org-tlds\de84b5ca2167d4c83e38fb162f2e8738.tldextract.json.lock
2023-01-19 15:44:06 [filelock] DEBUG: Attempting to release lock 2387749055552 on D:\ananconda\lib\site-packages\tldextract\.suffix_cache/publicsuffix.org-tlds\de84b5ca2167d4c83e38fb162f2e8738.tldextract.json.lock
2023-01-19 15:44:06 [filelock] DEBUG: Lock 2387749055552 released on D:\ananconda\lib\site-packages\tldextract\.suffix_cache/publicsuffix.org-tlds\de84b5ca2167d4c83e38fb162f2e8738.tldextract.json.lock
2023-01-19 15:44:06 [scrapy.core.engine] DEBUG: Crawled (200) <POST https://fanyi.baidu.com/sug> (referer: None)
2023-01-19 15:44:06 [scrapy.core.scraper] ERROR: Spider error processing <POST https://fanyi.baidu.com/sug> (referer: None)
Traceback (most recent call last):
  File "D:\ananconda\lib\site-packages\twisted\internet\defer.py", line 892, in _runCallbacks
    current.result = callback(  # type: ignore[misc]
  File "C:\Users\hp\Desktop\Reptile\Scrapy\trial_07\trial_07\spiders\test_post.py", line 24, in parse_second
    obj = json.loads(content, 'utf-8')
TypeError: loads() takes 1 positional argument but 2 were given
2023-01-19 15:44:06 [scrapy.core.engine] INFO: Closing spider (finished)
2023-01-19 15:44:06 [scrapy.statscollectors] INFO: Dumping Scrapy stats:
{'downloader/request_bytes': 280,
 'downloader/request_count': 1,
 'downloader/request_method_count/POST': 1,
 'downloader/response_bytes': 807,
 'downloader/response_count': 1,
 'downloader/response_status_count/200': 1,
 'elapsed_time_seconds': 0.386784,
 'finish_reason': 'finished',
 'finish_time': datetime.datetime(2023, 1, 19, 7, 44, 6, 455519),
 'httpcompression/response_bytes': 667,
 'httpcompression/response_count': 1,
 'log_count/DEBUG': 8,
 'log_count/ERROR': 1,
 'log_count/INFO': 10,
 'response_received_count': 1,
 'scheduler/dequeued': 1,
 'scheduler/dequeued/memory': 1,
 'scheduler/enqueued': 1,
 'scheduler/enqueued/memory': 1,
 'spider_exceptions/TypeError': 1,
 'start_time': datetime.datetime(2023, 1, 19, 7, 44, 6, 68735)}
2023-01-19 15:44:06 [scrapy.core.engine] INFO: Spider closed (finished)
2023-01-19 15:45:15 [scrapy.utils.log] INFO: Scrapy 2.7.1 started (bot: trial_07)
2023-01-19 15:45:15 [scrapy.utils.log] INFO: Versions: lxml 4.6.3.0, libxml2 2.9.12, cssselect 1.2.0, parsel 1.7.0, w3lib 2.1.1, Twisted 22.10.0, Python 3.9.7 (default, Sep 16 2021, 16:59:28) [MSC v.1916 64 bit (AMD64)], pyOpenSSL 21.0.0 (OpenSSL 1.1.1l  24 Aug 2021), cryptography 3.4.8, Platform Windows-10-10.0.19044-SP0
2023-01-19 15:45:15 [scrapy.crawler] INFO: Overridden settings:
{'BOT_NAME': 'trial_07',
 'LOG_FILE': 'logDemo.log',
 'NEWSPIDER_MODULE': 'trial_07.spiders',
 'REQUEST_FINGERPRINTER_IMPLEMENTATION': '2.7',
 'SPIDER_MODULES': ['trial_07.spiders'],
 'TWISTED_REACTOR': 'twisted.internet.asyncioreactor.AsyncioSelectorReactor'}
2023-01-19 15:45:15 [asyncio] DEBUG: Using selector: SelectSelector
2023-01-19 15:45:15 [scrapy.utils.log] DEBUG: Using reactor: twisted.internet.asyncioreactor.AsyncioSelectorReactor
2023-01-19 15:45:15 [scrapy.utils.log] DEBUG: Using asyncio event loop: asyncio.windows_events._WindowsSelectorEventLoop
2023-01-19 15:45:15 [scrapy.extensions.telnet] INFO: Telnet Password: e5ecac8e5ccfbfd7
2023-01-19 15:45:15 [scrapy.middleware] INFO: Enabled extensions:
['scrapy.extensions.corestats.CoreStats',
 'scrapy.extensions.telnet.TelnetConsole',
 'scrapy.extensions.logstats.LogStats']
2023-01-19 15:45:15 [scrapy.middleware] INFO: Enabled downloader middlewares:
['scrapy.downloadermiddlewares.httpauth.HttpAuthMiddleware',
 'scrapy.downloadermiddlewares.downloadtimeout.DownloadTimeoutMiddleware',
 'scrapy.downloadermiddlewares.defaultheaders.DefaultHeadersMiddleware',
 'scrapy.downloadermiddlewares.useragent.UserAgentMiddleware',
 'scrapy.downloadermiddlewares.retry.RetryMiddleware',
 'scrapy.downloadermiddlewares.redirect.MetaRefreshMiddleware',
 'scrapy.downloadermiddlewares.httpcompression.HttpCompressionMiddleware',
 'scrapy.downloadermiddlewares.redirect.RedirectMiddleware',
 'scrapy.downloadermiddlewares.cookies.CookiesMiddleware',
 'scrapy.downloadermiddlewares.httpproxy.HttpProxyMiddleware',
 'scrapy.downloadermiddlewares.stats.DownloaderStats']
2023-01-19 15:45:15 [scrapy.middleware] INFO: Enabled spider middlewares:
['scrapy.spidermiddlewares.httperror.HttpErrorMiddleware',
 'scrapy.spidermiddlewares.offsite.OffsiteMiddleware',
 'scrapy.spidermiddlewares.referer.RefererMiddleware',
 'scrapy.spidermiddlewares.urllength.UrlLengthMiddleware',
 'scrapy.spidermiddlewares.depth.DepthMiddleware']
2023-01-19 15:45:15 [scrapy.middleware] INFO: Enabled item pipelines:
[]
2023-01-19 15:45:15 [scrapy.core.engine] INFO: Spider opened
2023-01-19 15:45:16 [scrapy.extensions.logstats] INFO: Crawled 0 pages (at 0 pages/min), scraped 0 items (at 0 items/min)
2023-01-19 15:45:16 [scrapy.extensions.telnet] INFO: Telnet console listening on 127.0.0.1:6023
2023-01-19 15:45:16 [filelock] DEBUG: Attempting to acquire lock 2159649977104 on D:\ananconda\lib\site-packages\tldextract\.suffix_cache/publicsuffix.org-tlds\de84b5ca2167d4c83e38fb162f2e8738.tldextract.json.lock
2023-01-19 15:45:16 [filelock] DEBUG: Lock 2159649977104 acquired on D:\ananconda\lib\site-packages\tldextract\.suffix_cache/publicsuffix.org-tlds\de84b5ca2167d4c83e38fb162f2e8738.tldextract.json.lock
2023-01-19 15:45:16 [filelock] DEBUG: Attempting to release lock 2159649977104 on D:\ananconda\lib\site-packages\tldextract\.suffix_cache/publicsuffix.org-tlds\de84b5ca2167d4c83e38fb162f2e8738.tldextract.json.lock
2023-01-19 15:45:16 [filelock] DEBUG: Lock 2159649977104 released on D:\ananconda\lib\site-packages\tldextract\.suffix_cache/publicsuffix.org-tlds\de84b5ca2167d4c83e38fb162f2e8738.tldextract.json.lock
2023-01-19 15:45:16 [scrapy.core.engine] DEBUG: Crawled (200) <POST https://fanyi.baidu.com/sug> (referer: None)
2023-01-19 15:45:16 [scrapy.core.engine] INFO: Closing spider (finished)
2023-01-19 15:45:16 [scrapy.statscollectors] INFO: Dumping Scrapy stats:
{'downloader/request_bytes': 280,
 'downloader/request_count': 1,
 'downloader/request_method_count/POST': 1,
 'downloader/response_bytes': 807,
 'downloader/response_count': 1,
 'downloader/response_status_count/200': 1,
 'elapsed_time_seconds': 0.264064,
 'finish_reason': 'finished',
 'finish_time': datetime.datetime(2023, 1, 19, 7, 45, 16, 298583),
 'httpcompression/response_bytes': 667,
 'httpcompression/response_count': 1,
 'log_count/DEBUG': 8,
 'log_count/INFO': 10,
 'response_received_count': 1,
 'scheduler/dequeued': 1,
 'scheduler/dequeued/memory': 1,
 'scheduler/enqueued': 1,
 'scheduler/enqueued/memory': 1,
 'start_time': datetime.datetime(2023, 1, 19, 7, 45, 16, 34519)}
2023-01-19 15:45:16 [scrapy.core.engine] INFO: Spider closed (finished)
